<?xml version="1.0" encoding="UTF-8"?>
<!-- Generated by org.testng.reporters.JUnitReportReporter -->
<testsuite name="com.automation.hackathon.VisualAITests" tests="8" time="203.580" ignored="0" failures="0" timestamp="18 Nov 2019 10:49:42 GMT" skipped="0" hostname="EVR01271NB" errors="0">
  <testcase name="Test1_LoginPageUIElementsTest" time="21.628" classname="com.automation.hackathon.VisualAITests"/>
  <testcase name="Test2_DataDrivenTest" time="25.064" classname="com.automation.hackathon.VisualAITests"/>
  <testcase name="Test2_DataDrivenTest" time="22.377" classname="com.automation.hackathon.VisualAITests"/>
  <testcase name="Test3_TableSortTest" time="24.649" classname="com.automation.hackathon.VisualAITests"/>
  <testcase name="Test2_DataDrivenTest" time="22.062" classname="com.automation.hackathon.VisualAITests"/>
  <testcase name="Test2_DataDrivenTest" time="19.447" classname="com.automation.hackathon.VisualAITests"/>
  <testcase name="Test5_DynamicContentTest" time="28.085" classname="com.automation.hackathon.VisualAITests"/>
  <testcase name="Test4_CanvasChartTest" time="40.268" classname="com.automation.hackathon.VisualAITests"/>
</testsuite> <!-- com.automation.hackathon.VisualAITests -->
